0 info it worked if it ends with ok
1 verbose cli [ '/home/ruben/.nvm/versions/node/v6.11.3/bin/node',
1 verbose cli   '/home/ruben/.nvm/versions/node/v6.11.3/bin/npm',
1 verbose cli   'run',
1 verbose cli   'test' ]
2 info using npm@3.10.10
3 info using node@v6.11.3
4 verbose run-script [ 'pretest', 'test', 'posttest' ]
5 info lifecycle platziverse-db@1.0.0~pretest: platziverse-db@1.0.0
6 silly lifecycle platziverse-db@1.0.0~pretest: no script for pretest, continuing
7 info lifecycle platziverse-db@1.0.0~test: platziverse-db@1.0.0
8 verbose lifecycle platziverse-db@1.0.0~test: unsafe-perm in lifecycle true
9 verbose lifecycle platziverse-db@1.0.0~test: PATH: /home/ruben/.nvm/versions/node/v6.11.3/lib/node_modules/npm/bin/node-gyp-bin:/home/ruben/dev/platziverse/platziverse-db/node_modules/.bin:/home/ruben/.nvm/versions/node/v6.11.3/bin:/home/ruben/bin:/home/ruben/.local/bin:/usr/local/sbin:/usr/local/bin:/usr/sbin:/usr/bin:/sbin:/bin:/usr/games:/usr/local/games:/snap/bin
10 verbose lifecycle platziverse-db@1.0.0~test: CWD: /home/ruben/dev/platziverse/platziverse-db
11 silly lifecycle platziverse-db@1.0.0~test: Args: [ '-c', 'DEBUG=platziverse:* ava test/ --verbose' ]
12 silly lifecycle platziverse-db@1.0.0~test: Returned: code: 1  signal: null
13 info lifecycle platziverse-db@1.0.0~test: Failed to exec test script
14 verbose stack Error: platziverse-db@1.0.0 test: `DEBUG=platziverse:* ava test/ --verbose`
14 verbose stack Exit status 1
14 verbose stack     at EventEmitter.<anonymous> (/home/ruben/.nvm/versions/node/v6.11.3/lib/node_modules/npm/lib/utils/lifecycle.js:255:16)
14 verbose stack     at emitTwo (events.js:106:13)
14 verbose stack     at EventEmitter.emit (events.js:191:7)
14 verbose stack     at ChildProcess.<anonymous> (/home/ruben/.nvm/versions/node/v6.11.3/lib/node_modules/npm/lib/utils/spawn.js:40:14)
14 verbose stack     at emitTwo (events.js:106:13)
14 verbose stack     at ChildProcess.emit (events.js:191:7)
14 verbose stack     at maybeClose (internal/child_process.js:920:16)
14 verbose stack     at Process.ChildProcess._handle.onexit (internal/child_process.js:230:5)
15 verbose pkgid platziverse-db@1.0.0
16 verbose cwd /home/ruben/dev/platziverse/platziverse-db
17 error Linux 4.10.0-35-generic
18 error argv "/home/ruben/.nvm/versions/node/v6.11.3/bin/node" "/home/ruben/.nvm/versions/node/v6.11.3/bin/npm" "run" "test"
19 error node v6.11.3
20 error npm  v3.10.10
21 error code ELIFECYCLE
22 error platziverse-db@1.0.0 test: `DEBUG=platziverse:* ava test/ --verbose`
22 error Exit status 1
23 error Failed at the platziverse-db@1.0.0 test script 'DEBUG=platziverse:* ava test/ --verbose'.
23 error Make sure you have the latest version of node.js and npm installed.
23 error If you do, this is most likely a problem with the platziverse-db package,
23 error not with npm itself.
23 error Tell the author that this fails on your system:
23 error     DEBUG=platziverse:* ava test/ --verbose
23 error You can get information on how to open an issue for this project with:
23 error     npm bugs platziverse-db
23 error Or if that isn't available, you can get their info via:
23 error     npm owner ls platziverse-db
23 error There is likely additional logging output above.
24 verbose exit [ 1, true ]
